punarvapar-android/app/build/intermediates/manifest_merge_blame_file/debug/processDebugMainManifest/manifest-merger-blame-debug-report.txt
1<?xml version="1.0" encoding="utf-8"?>
2<manifest xmlns:android="http://schemas.android.com/apk/res/android"
3    package="com.punarvapar.ewaste"
4    android:versionCode="2"
5    android:versionName="1.0" >
6
7    <uses-sdk
8        android:minSdkVersion="26"
9        android:targetSdkVersion="35" />
10
11    <uses-permission android:name="android.permission.INTERNET" />
11-->src\main\AndroidManifest.xml:4:5-67
11-->src\main\AndroidManifest.xml:4:22-64
12    <uses-permission android:name="android.permission.ACCESS_FINE_LOCATION" />
12-->src\main\AndroidManifest.xml:5:5-79
12-->src\main\AndroidManifest.xml:5:22-76
13    <uses-permission android:name="android.permission.ACCESS_COARSE_LOCATION" />
13-->src\main\AndroidManifest.xml:6:5-81
13-->src\main\AndroidManifest.xml:6:22-78
14    <uses-permission android:name="android.permission.CAMERA" />
14-->src\main\AndroidManifest.xml:7:5-65
14-->src\main\AndroidManifest.xml:7:22-62
15
16    <permission
16-->[androidx.core:core:1.15.0] AndroidManifest.xml:22:5-24:47
17        android:name="com.punarvapar.ewaste.DYNAMIC_RECEIVER_NOT_EXPORTED_PERMISSION"
17-->[androidx.core:core:1.15.0] AndroidManifest.xml:23:9-81
18        android:protectionLevel="signature" />
18-->[androidx.core:core:1.15.0] AndroidManifest.xml:24:9-44
19
20    <uses-permission android:name="com.punarvapar.ewaste.DYNAMIC_RECEIVER_NOT_EXPORTED_PERMISSION" />
20-->[androidx.core:core:1.15.0] AndroidManifest.xml:26:5-97
20-->[androidx.core:core:1.15.0] AndroidManifest.xml:26:22-94
21
22    <application
22-->src\main\AndroidManifest.xml:9:5-27:19
23        android:allowBackup="true"
23-->src\main\AndroidManifest.xml:10:9-35
24        android:appComponentFactory="androidx.core.app.CoreComponentFactory"
24-->[androidx.core:core:1.15.0] AndroidManifest.xml:28:18-86
25        android:debuggable="true"
26        android:extractNativeLibs="false"
27        android:icon="@mipmap/ic_launcher"
27-->src\main\AndroidManifest.xml:11:9-43
28        android:label="Punarvapar"
28-->src\main\AndroidManifest.xml:12:9-35
29        android:roundIcon="@mipmap/ic_launcher"
29-->src\main\AndroidManifest.xml:13:9-48
30        android:supportsRtl="true"
30-->src\main\AndroidManifest.xml:14:9-35
31        android:testOnly="true"
32        android:theme="@style/Theme.Punarvapar"
32-->src\main\AndroidManifest.xml:16:9-48
33        android:usesCleartextTraffic="true" >
33-->src\main\AndroidManifest.xml:15:9-44
34        <activity
34-->src\main\AndroidManifest.xml:18:9-26:20
35            android:name="com.punarvapar.ewaste.MainActivity"
35-->src\main\AndroidManifest.xml:19:13-41
36            android:exported="true"
36-->src\main\AndroidManifest.xml:20:13-36
37            android:screenOrientation="portrait" >
37-->src\main\AndroidManifest.xml:21:13-49
38            <intent-filter>
38-->src\main\AndroidManifest.xml:22:13-25:29
39                <action android:name="android.intent.action.MAIN" />
39-->src\main\AndroidManifest.xml:23:17-69
39-->src\main\AndroidManifest.xml:23:25-66
40
41                <category android:name="android.intent.category.LAUNCHER" />
41-->src\main\AndroidManifest.xml:24:17-77
41-->src\main\AndroidManifest.xml:24:27-74
42            </intent-filter>
43        </activity>
44
45        <provider
45-->[androidx.profileinstaller:profileinstaller:1.3.0] AndroidManifest.xml:24:9-32:20
46            android:name="androidx.startup.InitializationProvider"
46-->[androidx.profileinstaller:profileinstaller:1.3.0] AndroidManifest.xml:25:13-67
47            android:authorities="com.punarvapar.ewaste.androidx-startup"
47-->[androidx.profileinstaller:profileinstaller:1.3.0] AndroidManifest.xml:26:13-68
48            android:exported="false" >
48-->[androidx.profileinstaller:profileinstaller:1.3.0] AndroidManifest.xml:27:13-37
49            <meta-data
49-->[androidx.profileinstaller:profileinstaller:1.3.0] AndroidManifest.xml:29:13-31:52
50                android:name="androidx.profileinstaller.ProfileInstallerInitializer"
50-->[androidx.profileinstaller:profileinstaller:1.3.0] AndroidManifest.xml:30:17-85
51                android:value="androidx.startup" />
51-->[androidx.profileinstaller:profileinstaller:1.3.0] AndroidManifest.xml:31:17-49
52        </provider>
53
54        <receiver
54-->[androidx.profileinstaller:profileinstaller:1.3.0] AndroidManifest.xml:34:9-52:20
55            android:name="androidx.profileinstaller.ProfileInstallReceiver"
55-->[androidx.profileinstaller:profileinstaller:1.3.0] AndroidManifest.xml:35:13-76
56            android:directBootAware="false"
56-->[androidx.profileinstaller:profileinstaller:1.3.0] AndroidManifest.xml:36:13-44
57            android:enabled="true"
57-->[androidx.profileinstaller:profileinstaller:1.3.0] AndroidManifest.xml:37:13-35
58            android:exported="true"
58-->[androidx.profileinstaller:profileinstaller:1.3.0] AndroidManifest.xml:38:13-36
59            android:permission="android.permission.DUMP" >
59-->[androidx.profileinstaller:profileinstaller:1.3.0] AndroidManifest.xml:39:13-57
60            <intent-filter>
60-->[androidx.profileinstaller:profileinstaller:1.3.0] AndroidManifest.xml:40:13-42:29
61                <action android:name="androidx.profileinstaller.action.INSTALL_PROFILE" />
61-->[androidx.profileinstaller:profileinstaller:1.3.0] AndroidManifest.xml:41:17-91
61-->[androidx.profileinstaller:profileinstaller:1.3.0] AndroidManifest.xml:41:25-88
62            </intent-filter>
63            <intent-filter>
63-->[androidx.profileinstaller:profileinstaller:1.3.0] AndroidManifest.xml:43:13-45:29
64                <action android:name="androidx.profileinstaller.action.SKIP_FILE" />
64-->[androidx.profileinstaller:profileinstaller:1.3.0] AndroidManifest.xml:44:17-85
64-->[androidx.profileinstaller:profileinstaller:1.3.0] AndroidManifest.xml:44:25-82
65            </intent-filter>
66            <intent-filter>
66-->[androidx.profileinstaller:profileinstaller:1.3.0] AndroidManifest.xml:46:13-48:29
67                <action android:name="androidx.profileinstaller.action.SAVE_PROFILE" />
67-->[androidx.profileinstaller:profileinstaller:1.3.0] AndroidManifest.xml:47:17-88
67-->[androidx.profileinstaller:profileinstaller:1.3.0] AndroidManifest.xml:47:25-85
68            </intent-filter>
69            <intent-filter>
69-->[androidx.profileinstaller:profileinstaller:1.3.0] AndroidManifest.xml:49:13-51:29
70                <action android:name="androidx.profileinstaller.action.BENCHMARK_OPERATION" />
70-->[androidx.profileinstaller:profileinstaller:1.3.0] AndroidManifest.xml:50:17-95
70-->[androidx.profileinstaller:profileinstaller:1.3.0] AndroidManifest.xml:50:25-92
71            </intent-filter>
72        </receiver>
73    </application>
74
75</manifest>